<?xml version="1.0" encoding="UTF-8"?>
<testsuite name="com.example.project.TestTriangle" tests="1" skipped="0" failures="0" errors="0" timestamp="2020-10-15T16:45:13" hostname="Ethans-MacBook-Pro.local" time="0.131">
  <properties/>
  <testcase name="testNullConstructor()" classname="com.example.project.TestTriangle" time="0.131"/>
  <system-out><![CDATA[Checking if constructing with no parameters yields correct triangle coordinates - passed
]]></system-out>
  <system-err><![CDATA[]]></system-err>
</testsuite>
